2018-07-19 22:05:30,360 [nt Monitor]   INFO -            #com.android.ddmlib - Opening a debugger listener at port 8603 for client with pid 11830 
2018-07-19 22:05:36,946 [nt Monitor]   INFO -            #com.android.ddmlib - Opening a debugger listener at port 8604 for client with pid 11895 
2018-07-19 22:05:37,518 [nt Monitor]   INFO -            #com.android.ddmlib - Opening a debugger listener at port 8604 for client with pid 11908 
2018-07-19 22:05:40,331 [nt Monitor]   INFO -            #com.android.ddmlib - Opening a debugger listener at port 8604 for client with pid 11936 
2018-07-19 22:06:02,791 [nt Monitor]   INFO -            #com.android.ddmlib - Opening a debugger listener at port 8604 for client with pid 12082 
2018-07-19 22:06:30,262 [nt Monitor]   INFO -            #com.android.ddmlib - Opening a debugger listener at port 8603 for client with pid 12176 
2018-07-19 22:07:08,846 [nt Monitor]   INFO -            #com.android.ddmlib - Opening a debugger listener at port 8604 for client with pid 12436 
2018-07-19 22:07:09,900 [nt Monitor]   INFO -            #com.android.ddmlib - Opening a debugger listener at port 8604 for client with pid 12448 
2018-07-19 22:07:10,231 [   Monitor]   INFO - idea.run.AndroidProcessHandler - stopCapture("oppo-oppo_r7s-UG9HYP5PYPDA9SNV") 
2018-07-19 22:07:10,372 [e-1024-b02]   INFO - idea.run.AndroidProcessHandler - stopAll() 
2018-07-19 22:07:25,334 [nt Monitor]   INFO -            #com.android.ddmlib - Opening a debugger listener at port 8602 for client with pid 12492 
2018-07-19 22:07:55,570 [ thread 74]   INFO -  #git4idea.commands.GitHandler - [shundezhaocashier-master] git -c core.quotepath=false -c log.showSignature=false commit --only -F C:\Users\Administrator\AppData\Local\Temp\git-commit-msg-.txt -- .idea/misc.xml app/src/main/java/com/shundezao/cashier/base/BasePvObserver.java 
2018-07-19 22:08:00,655 [unnerw.exe]   INFO -  #git4idea.commands.GitHandler - [master b55e63a] 7.19晚提交
 2 files changed, 3 insertions(+), 3 deletions(-) 
2018-07-19 22:08:04,363 [ thread 73]   INFO -  #git4idea.commands.GitHandler - [shundezhaocashier-master] git -c core.quotepath=false -c log.showSignature=false push --progress --porcelain xiaomc refs/heads/master:master 
2018-07-19 22:08:10,568 [unnerw.exe]   INFO -  #git4idea.commands.GitHandler - Enumerating objects: 25, done. 
2018-07-19 22:08:10,580 [unnerw.exe]   INFO -  #git4idea.commands.GitHandler - Counting objects: 100% (25/25), done. 
2018-07-19 22:08:10,580 [unnerw.exe]   INFO -  #git4idea.commands.GitHandler - Delta compression using up to 4 threads. 
2018-07-19 22:08:10,590 [unnerw.exe]   INFO -  #git4idea.commands.GitHandler - Compressing objects: 100% (10/10), done. 
2018-07-19 22:08:10,597 [unnerw.exe]   INFO -  #git4idea.commands.GitHandler - Writing objects: 100% (13/13), 915 bytes | 152.00 KiB/s, done. 
2018-07-19 22:08:10,597 [unnerw.exe]   INFO -  #git4idea.commands.GitHandler - Total 13 (delta 8), reused 0 (delta 0) 
2018-07-19 22:08:11,344 [n Server 2]  ERROR - org.jetbrains.io.BuiltInServer - 远程主机强迫关闭了一个现有的连接。 
java.io.IOException: 远程主机强迫关闭了一个现有的连接。
	at sun.nio.ch.SocketDispatcher.read0(Native Method)
	at sun.nio.ch.SocketDispatcher.read(SocketDispatcher.java:43)
	at sun.nio.ch.IOUtil.readIntoNativeBuffer(IOUtil.java:223)
	at sun.nio.ch.IOUtil.read(IOUtil.java:192)
	at sun.nio.ch.SocketChannelImpl.read(SocketChannelImpl.java:380)
	at io.netty.buffer.PooledUnsafeDirectByteBuf.setBytes(PooledUnsafeDirectByteBuf.java:288)
	at io.netty.buffer.AbstractByteBuf.writeBytes(AbstractByteBuf.java:1100)
	at io.netty.channel.socket.nio.NioSocketChannel.doReadBytes(NioSocketChannel.java:372)
	at io.netty.channel.nio.AbstractNioByteChannel$NioByteUnsafe.read(AbstractNioByteChannel.java:123)
	at io.netty.channel.nio.NioEventLoop.processSelectedKey(NioEventLoop.java:644)
	at io.netty.channel.nio.NioEventLoop.processSelectedKeysOptimized(NioEventLoop.java:579)
	at io.netty.channel.nio.NioEventLoop.processSelectedKeys(NioEventLoop.java:496)
	at io.netty.channel.nio.NioEventLoop.run(NioEventLoop.java:458)
	at io.netty.util.concurrent.SingleThreadEventExecutor$5.run(SingleThreadEventExecutor.java:858)
	at java.lang.Thread.run(Thread.java:745)
2018-07-19 22:08:11,348 [n Server 2]  ERROR - org.jetbrains.io.BuiltInServer - Android Studio 3.1.3  Build #AI-173.4819257 
2018-07-19 22:08:11,349 [n Server 2]  ERROR - org.jetbrains.io.BuiltInServer - JDK: 1.8.0_152-release 
2018-07-19 22:08:11,349 [n Server 2]  ERROR - org.jetbrains.io.BuiltInServer - VM: OpenJDK 64-Bit Server VM 
2018-07-19 22:08:11,349 [n Server 2]  ERROR - org.jetbrains.io.BuiltInServer - Vendor: JetBrains s.r.o 
2018-07-19 22:08:11,349 [n Server 2]  ERROR - org.jetbrains.io.BuiltInServer - OS: Windows 8.1 
2018-07-19 22:08:11,350 [n Server 2]  ERROR - org.jetbrains.io.BuiltInServer - Last Action: CheckinProject 
2018-07-19 22:08:11,351 [n Server 2]   INFO - org.jetbrains.io.BuiltInServer - Channel will be closed due to error 
2018-07-19 22:08:11,383 [unnerw.exe]   INFO -  #git4idea.commands.GitHandler - To codebase.shundezao.com:xiaomc/shundezhao_cashier.git 
2018-07-19 22:08:11,384 [unnerw.exe]   INFO -  #git4idea.commands.GitHandler - refs/heads/master:refs/heads/master	42ee3d0..b55e63a 
2018-07-19 22:08:11,384 [unnerw.exe]   INFO -  #git4idea.commands.GitHandler - Done 
2018-07-19 22:08:32,834 [nt Monitor]   INFO -            #com.android.ddmlib - Opening a debugger listener at port 8602 for client with pid 12670 
2018-07-19 22:09:03,605 [J pool 1/3]   INFO - attrs.AttributeDefinitionsImpl - Found tag with unknown parent: AndroidManifest.AndroidManifestCompatibleScreens 
2018-07-19 22:09:03,605 [J pool 1/3]   INFO - attrs.AttributeDefinitionsImpl - Found tag with unknown parent: AndroidManifest.AndroidManifestSupportsInput 
2018-07-19 22:09:09,737 [nt Monitor]   INFO -            #com.android.ddmlib - Opening a debugger listener at port 8602 for client with pid 13001 
2018-07-19 22:10:37,000 [nt Monitor]   INFO -            #com.android.ddmlib - Opening a debugger listener at port 8602 for client with pid 13552 
2018-07-19 22:10:37,458 [nt Monitor]   INFO -            #com.android.ddmlib - Opening a debugger listener at port 8602 for client with pid 13565 
2018-07-19 22:10:40,341 [nt Monitor]   INFO -            #com.android.ddmlib - Opening a debugger listener at port 8602 for client with pid 13583 
2018-07-19 22:11:02,807 [nt Monitor]   INFO -            #com.android.ddmlib - Opening a debugger listener at port 8602 for client with pid 13672 
2018-07-19 22:11:10,515 [nt Monitor]   INFO -            #com.android.ddmlib - Opening a debugger listener at port 8602 for client with pid 13699 
2018-07-19 22:12:12,688 [e-1024-b02]   INFO - stubs.SerializationManagerImpl - START StubSerializationManager SHUTDOWN 
2018-07-19 22:12:12,688 [e-1024-b02]   INFO - stubs.SerializationManagerImpl - END StubSerializationManager SHUTDOWN 
2018-07-19 22:12:12,688 [e-1024-b02]   INFO - il.indexing.FileBasedIndexImpl - START INDEX SHUTDOWN 
2018-07-19 22:12:13,769 [e-1024-b02]   INFO - il.indexing.FileBasedIndexImpl - END INDEX SHUTDOWN 
2018-07-19 22:12:13,775 [e-1024-b02]   INFO - org.jetbrains.io.BuiltInServer - web server stopped 
2018-07-19 22:12:13,821 [e-1024-b02]   INFO - Types.impl.FileTypeManagerImpl - FileTypeManager: 7 auto-detected files
Elapsed time on auto-detect: 22 ms 
2018-07-19 22:12:13,835 [fier64.exe]   INFO - pl.local.NativeFileWatcherImpl - Watcher terminated with exit code 0 
2018-07-19 22:12:13,837 [e-1024-b02]   INFO - newvfs.persistent.PersistentFS - VFS dispose started 
2018-07-19 22:12:13,869 [e-1024-b02]   INFO - newvfs.persistent.PersistentFS - VFS dispose completed 
2018-07-19 22:12:13,872 [ - logging]   INFO -        #com.intellij.idea.Main - ------------------------------------------------------ IDE SHUTDOWN ------------------------------------------------------ 
2018-07-19 22:12:13,877 [wn tracker]   INFO - org.jetbrains.io.BuiltInServer - web server stopped 
2018-07-20 20:04:36,453 [ain Thread]   INFO -        #com.intellij.idea.Main - ------------------------------------------------------ IDE STARTED ------------------------------------------------------ 
2018-07-20 20:04:36,564 [e-1024-b02]   INFO -        #com.intellij.idea.Main - IDE: Android Studio (build #AI-173.4819257, 05 Jun 2018 01:36) 
2018-07-20 20:04:36,564 [e-1024-b02]   INFO -        #com.intellij.idea.Main - OS: Windows 8.1 (6.3, amd64) 
2018-07-20 20:04:36,564 [e-1024-b02]   INFO -        #com.intellij.idea.Main - JRE: 1.8.0_152-release-1024-b02 (JetBrains s.r.o) 
2018-07-20 20:04:36,565 [e-1024-b02]   INFO -        #com.intellij.idea.Main - JVM: 25.152-b02 (OpenJDK 64-Bit Server VM) 
2018-07-20 20:04:36,633 [e-1024-b02]   INFO -        #com.intellij.idea.Main - JVM Args: -Xms256m -Xmx1280m -XX:ReservedCodeCacheSize=240m -XX:+UseConcMarkSweepGC -XX:SoftRefLRUPolicyMSPerMB=50 -Dsun.io.useCanonCaches=false -Djava.net.preferIPv4Stack=true -Djna.nosys=true -Djna.boot.library.path= -da -Djb.vmOptionsFile=F:\AS3.1\bin\studio64.exe.vmoptions -Xbootclasspath/a:F:\AS3.1\lib\boot.jar -Didea.platform.prefix=AndroidStudio -Didea.jre.check=true -Dide.native.launcher=true -Didea.paths.selector=AndroidStudio3.1 -XX:ErrorFile=C:\Users\Administrator\java_error_in_studio_%p.log -XX:HeapDumpPath=C:\Users\Administrator\java_error_in_studio.hprof 
2018-07-20 20:04:36,639 [e-1024-b02]   INFO -        #com.intellij.idea.Main - ForkJoinPool.commonPool: java.util.concurrent.ForkJoinPool@264020ce[Running, parallelism = 3, size = 0, active = 0, running = 0, steals = 0, tasks = 0, submissions = 0] 
2018-07-20 20:04:36,639 [e-1024-b02]   INFO -        #com.intellij.idea.Main - ext: F:\AS3.1\jre\jre\lib\ext: [access-bridge-64.jar, cldrdata.jar, dnsns.jar, jaccess.jar, localedata.jar, meta-index, nashorn.jar, sunec.jar, sunjce_provider.jar, sunmscapi.jar, sunpkcs11.jar, zipfs.jar] 
2018-07-20 20:04:36,639 [e-1024-b02]   INFO -        #com.intellij.idea.Main - JNU charset: GBK 
2018-07-20 20:04:36,811 [e-1024-b02]   INFO -        #com.intellij.idea.Main - JNA library (64-bit) loaded in 171 ms 
2018-07-20 20:04:37,546 [e-1024-b02]   INFO - penapi.util.io.win32.IdeaWin32 - Native filesystem for Windows is operational 
2018-07-20 20:04:37,750 [e-1024-b02]   INFO -     #com.intellij.util.ui.JBUI - User scale factor: 1.0 
2018-07-20 20:04:37,750 [e-1024-b02]   INFO -     #com.intellij.util.ui.JBUI - System scale factor: 1.0 (IDE-managed HiDPI) 
2018-07-20 20:04:41,118 [entQueue-0]   INFO - llij.ide.plugins.PluginManager - Cannot find optional descriptor duplicates-groovy.xml 
2018-07-20 20:04:42,609 [entQueue-0]   INFO - llij.ide.plugins.PluginManager - 40 plugins initialized in 3196 ms 
2018-07-20 20:04:42,617 [entQueue-0]   INFO - llij.ide.plugins.PluginManager - Loaded bundled plugins: Android APK Support (1.0), Android Games (1.0), Android NDK Support (1.0), Android Support (10.3.1.3), App Links Assistant (0.1), CVS Integration (11), Copyright (8.1), Coverage (173.4301.25), EditorConfig (173.4301.25), Firebase App Indexing (0.1), Firebase Services (0.1), Firebase Testing (1.0), Git Integration (8.1), GitHub (173.4301.25), Google Cloud Tools Core (0.2.8), Google Cloud Tools For Android Studio (0.2.8), Google Developers Samples (0.3.1), Google Login (1.0), Google Services (0.1), Gradle (173.4301.25), Groovy (9.0), I18n for Java (173.4301.25), IDEA CORE (173.4301.25), IntelliLang (8.0), JUnit (1.0), Java Bytecode Decompiler (173.4301.25), Java Stream Debugger (173.4301.25), Kotlin (1.2.30-release-Studio3.1-1), Mercurial Integration (10.0), Properties Support (173.4301.25), Settings Repository (173.4301.25), Smali Support (1.0), Subversion Integration (1.1), Task Management (1.0), Terminal (0.1), Test Recorder (1.0), TestNG-J (8.0), YAML (173.4301.25) 
2018-07-20 20:04:42,617 [entQueue-0]   INFO - llij.ide.plugins.PluginManager - Loaded custom plugins: Android ButterKnife Zelezny (1.6.0), GsonFormat (1.5.0) 
2018-07-20 20:04:52,281 [entQueue-0]   INFO - ellij.util.io.PagedFileStorage - lower=100; upper=500; buffer=10; max=1226 
2018-07-20 20:04:52,947 [entQueue-0]   INFO - pl.local.NativeFileWatcherImpl - Starting file watcher: F:\AS3.1\bin\fsnotifier64.exe 
2018-07-20 20:04:53,113 [entQueue-0]   INFO - pl.local.NativeFileWatcherImpl - Native file watcher is operational. 
2018-07-20 20:04:56,276 [entQueue-0]   INFO - com.intellij.ide.ui.UISettings - Loaded: fontSize=12, fontScale=0.0; restored: fontSize=12, fontScale=1.0 
2018-07-20 20:04:58,643 [d thread 2]   INFO - .openapi.application.Preloader - Finished preloading com.intellij.ide.ui.OptionsTopHitProvider$Activity@1c844d15 
2018-07-20 20:04:59,904 [entQueue-0]   INFO - til.net.ssl.CertificateManager - Default SSL context initialized 
2018-07-20 20:05:01,774 [d thread 3]   INFO - rains.ide.BuiltInServerManager - built-in server started, port 63342 
2018-07-20 20:05:01,888 [entQueue-0]   INFO - gs.impl.UpdateCheckerComponent - channel: release 
2018-07-20 20:05:04,182 [e-1024-b02]   INFO - il.indexing.FileBasedIndexImpl - Index exts enumerated:1682 
2018-07-20 20:05:04,284 [e-1024-b02]   INFO - il.indexing.FileBasedIndexImpl - Index scheduled:101 
2018-07-20 20:05:04,648 [e-1024-b02]   INFO - tellij.psi.stubs.StubIndexImpl - All stub exts enumerated:245 
2018-07-20 20:05:04,935 [e-1024-b02]   INFO - tellij.psi.stubs.StubIndexImpl - stub exts update scheduled:286 
2018-07-20 20:05:10,631 [e-1024-b02]   INFO - ellij.project.impl.ProjectImpl - 20 project components initialized in 3499 ms 
2018-07-20 20:05:14,138 [e-1024-b02]   INFO - com.intellij.ide.ui.UISettings - Loaded: fontSize=12, fontScale=1.0; restored: fontSize=12, fontScale=1.0 
2018-07-20 20:05:14,139 [e-1024-b02]   INFO - com.intellij.ide.ui.UISettings - Loaded: fontSize=16, fontScale=1.0; restored: fontSize=16, fontScale=1.0 
2018-07-20 20:05:18,540 [d thread 3]   INFO - pl$FileIndexDataInitialization - Initialization done:14255 
2018-07-20 20:05:20,274 [e-1024-b02]   WARN - ins.android.sdk.AndroidSdkData - Observed package id 'build-tools;20.0.0' in inconsistent location 'F:\sdk\build-tools\android-4.4W' (Expected 'F:\sdk\build-tools\20.0.0') 
2018-07-20 20:05:24,333 [d thread 3]   INFO - exImpl$StubIndexInitialization - Initialization done:5792 
2018-07-20 20:05:26,966 [e-1024-b02]   INFO - plication.impl.ApplicationImpl - 87 application components initialized in 47560ms 
2018-07-20 20:05:27,063 [e-1024-b02]   INFO - .intellij.idea.IdeaApplication - App initialization took 59754 ms 
2018-07-20 20:05:29,865 [d thread 2]   INFO - .openapi.application.Preloader - Finished preloading com.intellij.openapi.actionSystem.impl.ActionPreloader@38d6dae1 
2018-07-20 20:05:36,690 [d thread 1]   INFO - pl.projectlevelman.NewMappings - VCS Root: [] - [<Project>] 
2018-07-20 20:05:36,692 [d thread 1]   INFO - pl.projectlevelman.NewMappings - VCS Root: [Git] - [F:/AndroidStudio_Work/shundezhaocashier-master] 
2018-07-20 20:05:37,924 [d thread 2]   INFO - .openapi.application.Preloader - Finished preloading com.intellij.ide.ui.search.SearchableOptionPreloader@136c8beb 
2018-07-20 20:05:39,993 [d thread 2]   INFO - .openapi.application.Preloader - Finished preloading com.intellij.codeInsight.completion.CompletionPreloader@704a3fda 
2018-07-20 20:05:40,450 [d thread 1]   INFO - idea.project.IndexingSuspender - Subscribing project 'Project 'F:\AndroidStudio_Work\shundezhaocashier-master' shundezhaocashier-master' to indexing suspender events (com.android.tools.idea.project.IndexingSuspender@36d5d6be) 
2018-07-20 20:05:40,551 [d thread 1]   INFO - ellij.project.impl.ProjectImpl - 147 project components initialized in 10687 ms 
2018-07-20 20:05:41,989 [d thread 1]   INFO - le.impl.ModuleManagerComponent - 3 module(s) loaded in 1437 ms 
2018-07-20 20:05:43,106 [d thread 5]   INFO - j.ide.script.IdeStartupScripts - 0 startup script(s) found 
2018-07-20 20:05:45,894 [d thread 3]   WARN - dea.updater.SdkComponentSource - Observed package id 'build-tools;20.0.0' in inconsistent location 'F:\sdk\build-tools\android-4.4W' (Expected 'F:\sdk\build-tools\20.0.0') 
2018-07-20 20:05:46,482 [d thread 3]   INFO - dea.updater.SdkComponentSource - Downloading file:/F:/AS3.1/plugins/sdk-updates/offline-repo/offline-repo.xml 
2018-07-20 20:05:47,030 [d thread 3]   INFO - dea.updater.SdkComponentSource - Downloading https://dl.google.com/android/repository/addons_list-3.xml 
2018-07-20 20:05:47,465 [d thread 3]   INFO - dea.updater.SdkComponentSource - Downloading https://dl.google.com/android/repository/sys-img/android/sys-img2-1.xml 
2018-07-20 20:05:48,157 [d thread 3]   INFO - dea.updater.SdkComponentSource - Downloading https://dl.google.com/android/repository/sys-img/android-wear/sys-img2-1.xml 
2018-07-20 20:05:48,589 [d thread 3]   INFO - dea.updater.SdkComponentSource - Downloading https://dl.google.com/android/repository/sys-img/android-wear-cn/sys-img2-1.xml 
2018-07-20 20:05:49,092 [d thread 3]   INFO - dea.updater.SdkComponentSource - Downloading https://dl.google.com/android/repository/sys-img/android-tv/sys-img2-1.xml 
2018-07-20 20:05:49,639 [d thread 3]   INFO - dea.updater.SdkComponentSource - Downloading https://dl.google.com/android/repository/sys-img/google_apis/sys-img2-1.xml 
2018-07-20 20:05:50,136 [d thread 3]   INFO - dea.updater.SdkComponentSource - Downloading https://dl.google.com/android/repository/sys-img/google_apis_playstore/sys-img2-1.xml 
2018-07-20 20:05:50,654 [d thread 3]   INFO - dea.updater.SdkComponentSource - Downloading https://dl.google.com/android/repository/addon2-1.xml 
2018-07-20 20:05:51,430 [d thread 3]   INFO - dea.updater.SdkComponentSource - Downloading https://dl.google.com/android/repository/glass/addon2-1.xml 
2018-07-20 20:05:51,804 [d thread 3]   INFO - dea.updater.SdkComponentSource - Downloading https://dl.google.com/android/repository/extras/intel/addon2-1.xml 
2018-07-20 20:05:52,201 [d thread 3]   INFO - dea.updater.SdkComponentSource - File C:\Users\Administrator\.android\repositories.cfg could not be loaded. 
2018-07-20 20:05:52,206 [d thread 3]   INFO - dea.updater.SdkComponentSource - Downloading https://dl.google.com/android/repository/repository2-1.xml 
2018-07-20 20:05:52,746 [d thread 5]   INFO - .diagnostic.PerformanceWatcher - Pushing properties took 804ms; general responsiveness: ok; EDT responsiveness: 0/2 sluggish, 1/2 very slow 
2018-07-20 20:05:54,939 [d thread 1]   INFO - tartup.impl.StartupManagerImpl - ExternalSystemStartupActivity run in 4065ms under project opening modal progress 
2018-07-20 20:05:55,068 [d thread 1]   INFO - tartup.impl.StartupManagerImpl - RepositoryLibrarySynchronizer run in 115ms under project opening modal progress 
2018-07-20 20:05:55,288 [d thread 1]   INFO - tartup.impl.StartupManagerImpl - OCInitialTablesBuildingActivity run in 163ms under project opening modal progress 
2018-07-20 20:06:02,892 [d thread 1]   INFO - tartup.impl.StartupManagerImpl - OpenFilesActivity run in 7604ms under project opening modal progress 
2018-07-20 20:06:03,298 [d thread 1]   INFO - tartup.impl.StartupManagerImpl - InitToolWindowsActivity run in 406ms under project opening modal progress 
2018-07-20 20:06:03,307 [d thread 1]   INFO - .diagnostic.PerformanceWatcher - Post-startup activities under progress took 12771ms; general responsiveness: ok; EDT responsiveness: 2/13 sluggish, 4/13 very slow 
2018-07-20 20:06:06,786 [e-1024-b02]   INFO - j.ide.ui.OptionsTopHitProvider - 2490 ms spent to cache options in application 
2018-07-20 20:06:06,904 [e-1024-b02]   INFO - tartup.impl.StartupManagerImpl - F:/AndroidStudio_Work/shundezhaocashier-master/.idea case-sensitivity: expected=false actual=false 
2018-07-20 20:06:08,036 [ thread 10]   INFO -                git4idea.GitVcs - Git version: 2.18.0.0 (CYGWIN) 
2018-07-20 20:06:08,667 [ thread 10]   INFO - pl.projectlevelman.NewMappings - VCS Root: [Git] - [F:/AndroidStudio_Work/shundezhaocashier-master] 
2018-07-20 20:06:09,136 [d thread 5]   INFO - .diagnostic.PerformanceWatcher - Indexable file iteration took 16385ms; general responsiveness: ok; EDT responsiveness: 4/16 sluggish, 6/16 very slow 
2018-07-20 20:06:09,574 [e-1024-b02]   INFO - tor.impl.FileEditorManagerImpl - Project opening took 40203 ms 
2018-07-20 20:06:10,261 [d thread 5]   INFO -       #com.jetbrains.cidr.lang - Clearing symbols finished in 0 s. 
2018-07-20 20:06:10,348 [d thread 5]   INFO -       #com.jetbrains.cidr.lang - Building symbols in FAST mode, 0 source files from total 0 project files 
2018-07-20 20:06:10,441 [d thread 5]   INFO -       #com.jetbrains.cidr.lang - Loading Module Maps finished in 0 s. 
2018-07-20 20:06:10,448 [d thread 5]   INFO -       #com.jetbrains.cidr.lang - Saving Module Maps finished in 0 s. 
2018-07-20 20:06:10,448 [d thread 5]   INFO -       #com.jetbrains.cidr.lang - Saving Module Maps finished in 0 s. 
2018-07-20 20:06:10,448 [d thread 5]   INFO -       #com.jetbrains.cidr.lang - Loaded 0 tables for 0 files (0 project files) 
2018-07-20 20:06:10,450 [d thread 5]   INFO -       #com.jetbrains.cidr.lang - Building symbols for 0 source files 
2018-07-20 20:06:10,516 [d thread 5]   INFO -       #com.jetbrains.cidr.lang - Building symbols for 0 unused headers 
2018-07-20 20:06:10,517 [d thread 5]   INFO -       #com.jetbrains.cidr.lang - Building symbols finished in 0 s. 
2018-07-20 20:06:10,532 [d thread 5]   INFO -       #com.jetbrains.cidr.lang - Saving modified symbols for 0 files (0 tables of total 0) 
2018-07-20 20:06:10,541 [d thread 5]   INFO -       #com.jetbrains.cidr.lang - Saving symbols finished in 0 s. 
2018-07-20 20:06:12,463 [e-1024-b02]   INFO - tartup.impl.StartupManagerImpl - Some post-startup activities freeze UI for noticeable time. Please consider making them DumbAware to do them in background under modal progress, or just making them faster to speed up project opening. 
2018-07-20 20:06:12,464 [e-1024-b02]   INFO - tartup.impl.StartupManagerImpl - ProjectInspectionProfileStartUpActivity run in 514ms on UI thread 
2018-07-20 20:06:14,667 [d thread 7]   INFO - j.ide.plugins.RepositoryHelper - using cached plugin list (updated at 2018/7/20 0020 20:05) 
2018-07-20 20:06:15,449 [e-1024-b02]   INFO - j.ide.ui.OptionsTopHitProvider - 939 ms spent to cache options in project 
2018-07-20 20:06:15,743 [e-1024-b02]   INFO - e.project.sync.GradleSyncState - Started sync with Gradle for project 'shundezhaocashier-master'. 
2018-07-20 20:06:15,886 [e-1024-b02]   INFO - idea.project.IndexingSuspender - Consuming IndexingSuspender activation event: SYNC_STARTED 
2018-07-20 20:06:15,887 [e-1024-b02]   INFO - idea.project.IndexingSuspender - Starting batch update for project: Project 'F:\AndroidStudio_Work\shundezhaocashier-master' shundezhaocashier-master 
2018-07-20 20:06:18,219 [d thread 2]   INFO - s.plugins.gradle.GradleManager - Instructing gradle to use java from C:/Program Files/Java/jdk1.8.0_171 
2018-07-20 20:06:18,261 [d thread 2]   INFO - s.plugins.gradle.GradleManager - Instructing gradle to use java from C:/Program Files/Java/jdk1.8.0_171 
2018-07-20 20:06:20,512 [d thread 3]   INFO -       ScriptTemplatesProviders - [kts] loading script definitions [] using cp:  
2018-07-20 20:06:20,699 [d thread 3]   INFO - s.plugins.gradle.GradleManager - Instructing gradle to use java from C:/Program Files/Java/jdk1.8.0_171 
2018-07-20 20:06:20,707 [d thread 3]   INFO -       ScriptTemplatesProviders - [kts] loading script definitions [org.gradle.kotlin.dsl.KotlinInitScript] using cp: C:\Users\Administrator\.gradle\wrapper\dists\gradle-4.1-all\bzyivzo6n839fup2jbap0tjew\gradle-4.1\lib\gradle-core-4.1.jar;C:\Users\Administrator\.gradle\wrapper\dists\gradle-4.1-all\bzyivzo6n839fup2jbap0tjew\gradle-4.1\lib\gradle-kotlin-dsl-0.10.3.jar;C:\Users\Administrator\.gradle\wrapper\dists\gradle-4.1-all\bzyivzo6n839fup2jbap0tjew\gradle-4.1\lib\gradle-kotlin-dsl-compiler-plugin-0.10.3.jar;C:\Users\Administrator\.gradle\wrapper\dists\gradle-4.1-all\bzyivzo6n839fup2jbap0tjew\gradle-4.1\lib\gradle-kotlin-dsl-tooling-builders-0.10.3.jar;C:\Users\Administrator\.gradle\wrapper\dists\gradle-4.1-all\bzyivzo6n839fup2jbap0tjew\gradle-4.1\lib\gradle-kotlin-dsl-tooling-models-0.10.3.jar;C:\Users\Administrator\.gradle\wrapper\dists\gradle-4.1-all\bzyivzo6n839fup2jbap0tjew\gradle-4.1\lib\kotlin-compiler-embeddable-1.1.3-2.jar 
2018-07-20 20:06:21,105 [d thread 3]   INFO - s.plugins.gradle.GradleManager - Instructing gradle to use java from C:/Program Files/Java/jdk1.8.0_171 
2018-07-20 20:06:21,107 [d thread 3]   INFO -       ScriptTemplatesProviders - [kts] loading script definitions [org.gradle.kotlin.dsl.KotlinSettingsScript] using cp: C:\Users\Administrator\.gradle\wrapper\dists\gradle-4.1-all\bzyivzo6n839fup2jbap0tjew\gradle-4.1\lib\gradle-core-4.1.jar;C:\Users\Administrator\.gradle\wrapper\dists\gradle-4.1-all\bzyivzo6n839fup2jbap0tjew\gradle-4.1\lib\gradle-kotlin-dsl-0.10.3.jar;C:\Users\Administrator\.gradle\wrapper\dists\gradle-4.1-all\bzyivzo6n839fup2jbap0tjew\gradle-4.1\lib\gradle-kotlin-dsl-compiler-plugin-0.10.3.jar;C:\Users\Administrator\.gradle\wrapper\dists\gradle-4.1-all\bzyivzo6n839fup2jbap0tjew\gradle-4.1\lib\gradle-kotlin-dsl-tooling-builders-0.10.3.jar;C:\Users\Administrator\.gradle\wrapper\dists\gradle-4.1-all\bzyivzo6n839fup2jbap0tjew\gradle-4.1\lib\gradle-kotlin-dsl-tooling-models-0.10.3.jar;C:\Users\Administrator\.gradle\wrapper\dists\gradle-4.1-all\bzyivzo6n839fup2jbap0tjew\gradle-4.1\lib\kotlin-compiler-embeddable-1.1.3-2.jar 
2018-07-20 20:06:21,206 [d thread 3]   INFO - s.plugins.gradle.GradleManager - Instructing gradle to use java from C:/Program Files/Java/jdk1.8.0_171 
2018-07-20 20:06:21,208 [d thread 3]   INFO -       ScriptTemplatesProviders - [kts] loading script definitions [org.gradle.kotlin.dsl.KotlinBuildScript] using cp: C:\Users\Administrator\.gradle\wrapper\dists\gradle-4.1-all\bzyivzo6n839fup2jbap0tjew\gradle-4.1\lib\gradle-core-4.1.jar;C:\Users\Administrator\.gradle\wrapper\dists\gradle-4.1-all\bzyivzo6n839fup2jbap0tjew\gradle-4.1\lib\gradle-kotlin-dsl-0.10.3.jar;C:\Users\Administrator\.gradle\wrapper\dists\gradle-4.1-all\bzyivzo6n839fup2jbap0tjew\gradle-4.1\lib\gradle-kotlin-dsl-compiler-plugin-0.10.3.jar;C:\Users\Administrator\.gradle\wrapper\dists\gradle-4.1-all\bzyivzo6n839fup2jbap0tjew\gradle-4.1\lib\gradle-kotlin-dsl-tooling-builders-0.10.3.jar;C:\Users\Administrator\.gradle\wrapper\dists\gradle-4.1-all\bzyivzo6n839fup2jbap0tjew\gradle-4.1\lib\gradle-kotlin-dsl-tooling-models-0.10.3.jar;C:\Users\Administrator\.gradle\wrapper\dists\gradle-4.1-all\bzyivzo6n839fup2jbap0tjew\gradle-4.1\lib\kotlin-compiler-embeddable-1.1.3-2.jar 
2018-07-20 20:06:37,147 [d thread 2]   INFO - xecution.GradleExecutionHelper - Passing command-line args to Gradle Tooling API: -Didea.version=3.1 -Djava.awt.headless=true -Pandroid.injected.build.model.only=true -Pandroid.injected.build.model.only.advanced=true -Pandroid.injected.invoked.from.ide=true -Pandroid.injected.build.model.only.versioned=3 -Pandroid.injected.studio.version=3.1.3.0 -Pandroid.builder.sdkDownload=false --init-script C:\Users\Administrator\AppData\Local\Temp\ijinit1.gradle 
2018-07-20 20:06:39,379 [ thread 11]   INFO - CompilerWorkspaceConfiguration - Available processors: 4 
2018-07-20 20:07:30,663 [J pool 3/3]   INFO - attrs.AttributeDefinitionsImpl - Found tag with unknown parent: AndroidManifest.AndroidManifestCompatibleScreens 
2018-07-20 20:07:30,796 [J pool 3/3]   INFO - attrs.AttributeDefinitionsImpl - Found tag with unknown parent: AndroidManifest.AndroidManifestSupportsInput 
2018-07-20 20:08:05,404 [d thread 2]   INFO - e.project.sync.GradleSyncState - Started setup of project 'shundezhaocashier-master'. 
2018-07-20 20:08:05,411 [e-1024-b02]   INFO - idea.project.IndexingSuspender - Consuming IndexingSuspender activation event: SETUP_STARTED 
2018-07-20 20:08:05,484 [d thread 4]   INFO - idea.project.IndexingSuspender - Indexing suspended (context: Project Setup) 
2018-07-20 20:08:10,295 [d thread 2]   INFO - etup.post.PluginVersionUpgrade - Gradle model version: 3.0.1, recommended version for IDE: 3.1.3 
2018-07-20 20:08:10,546 [d thread 2]   INFO - ild.invoker.GradleBuildInvoker - About to execute Gradle tasks: [:app:generateDebugSources] 
2018-07-20 20:08:10,861 [e-1024-b02]   INFO - idea.project.IndexingSuspender - Consuming IndexingSuspender activation event: BUILD_EXECUTOR_CREATED 
2018-07-20 20:08:10,867 [d thread 2]   INFO - e.project.sync.GradleSyncState - Gradle sync finished in 1m 55s 124ms 
2018-07-20 20:08:10,877 [d thread 6]   INFO - s.plugins.gradle.GradleManager - Instructing gradle to use java from C:/Program Files/Java/jdk1.8.0_171 
2018-07-20 20:08:10,972 [e-1024-b02]   INFO - idea.project.IndexingSuspender - Consuming IndexingSuspender deactivation event: SYNC_FINISHED 
2018-07-20 20:08:10,972 [e-1024-b02]   INFO - idea.project.IndexingSuspender - IndexingSuspender deactivation event received and ignored: SYNC_FINISHED 
2018-07-20 20:08:10,983 [d thread 6]   INFO - ild.invoker.GradleBuildInvoker - Build command line options: [--configure-on-demand, -Pandroid.injected.invoked.from.ide=true, -Pandroid.injected.generateSourcesOnly=true] 
2018-07-20 20:08:11,005 [e-1024-b02]   INFO - idea.project.IndexingSuspender - Consuming IndexingSuspender activation event: BUILD_STARTED 
2018-07-20 20:08:11,018 [d thread 4]   INFO - idea.project.IndexingSuspender - Indexing released (context: Project Setup) 
2018-07-20 20:08:11,146 [d thread 6]   INFO - xecution.GradleExecutionHelper - Passing command-line args to Gradle Tooling API: --configure-on-demand -Pandroid.injected.invoked.from.ide=true -Pandroid.injected.generateSourcesOnly=true 
2018-07-20 20:08:11,968 [d thread 4]   INFO -       #com.jetbrains.cidr.lang - Clearing symbols finished in 0 s. 
2018-07-20 20:08:11,975 [d thread 4]   INFO -       #com.jetbrains.cidr.lang - Building symbols in FAST mode, 0 source files from total 0 project files 
2018-07-20 20:08:11,978 [d thread 4]   INFO -       #com.jetbrains.cidr.lang - Loading Module Maps finished in 0 s. 
2018-07-20 20:08:11,982 [d thread 4]   INFO -       #com.jetbrains.cidr.lang - Saving Module Maps finished in 0 s. 
2018-07-20 20:08:11,982 [d thread 4]   INFO -       #com.jetbrains.cidr.lang - Saving Module Maps finished in 0 s. 
2018-07-20 20:08:11,982 [d thread 4]   INFO -       #com.jetbrains.cidr.lang - Loaded 0 tables for 0 files (0 project files) 
2018-07-20 20:08:11,982 [d thread 4]   INFO -       #com.jetbrains.cidr.lang - Building symbols for 0 source files 
2018-07-20 20:08:11,986 [d thread 4]   INFO -       #com.jetbrains.cidr.lang - Building symbols for 0 unused headers 
2018-07-20 20:08:11,996 [d thread 4]   INFO -       #com.jetbrains.cidr.lang - Building symbols finished in 0 s. 
2018-07-20 20:08:11,997 [d thread 4]   INFO -       #com.jetbrains.cidr.lang - Saving modified symbols for 0 files (0 tables of total 0) 
2018-07-20 20:08:11,997 [d thread 4]   INFO -       #com.jetbrains.cidr.lang - Saving symbols finished in 0 s. 
2018-07-20 20:08:35,078 [e-1024-b02]   INFO - idea.project.IndexingSuspender - Consuming IndexingSuspender deactivation event: BUILD_FINISHED 
2018-07-20 20:08:35,078 [e-1024-b02]   INFO - idea.project.IndexingSuspender - Finishing batch update for project: Project 'F:\AndroidStudio_Work\shundezhaocashier-master' shundezhaocashier-master 
2018-07-20 20:08:35,193 [e-1024-b02]   INFO - pl.ProjectRootManagerComponent - project roots have changed 
2018-07-20 20:08:35,273 [e-1024-b02]   INFO - ild.invoker.GradleBuildInvoker - Gradle build finished in 24s 326ms 
2018-07-20 20:08:35,313 [e-1024-b02]   INFO - pl.ProjectRootManagerComponent - project roots have changed 
2018-07-20 20:08:35,828 [e-1024-b02]   INFO - pl.ProjectRootManagerComponent - project roots have changed 
2018-07-20 20:08:36,421 [d thread 4]   INFO - g.FileBasedIndexProjectHandler - Reindexing refreshed files: 21 to update, calculated in 35ms 
2018-07-20 20:08:39,908 [d thread 4]   INFO - .diagnostic.PerformanceWatcher - Reindexing refreshed files took 3486ms; general responsiveness: ok; EDT responsiveness: 1/4 sluggish 
2018-07-20 20:08:39,922 [d thread 4]   INFO - .diagnostic.PerformanceWatcher - Pushing properties took 9ms; general responsiveness: ok; EDT responsiveness: ok 
2018-07-20 20:08:40,086 [d thread 4]   INFO - .diagnostic.PerformanceWatcher - Indexable file iteration took 163ms; general responsiveness: ok; EDT responsiveness: ok 
2018-07-20 20:08:42,903 [e-1024-b02]   INFO - roid.sdk.MessageBuildingSdkLog - Observed package id 'build-tools;20.0.0' in inconsistent location 'F:\sdk\build-tools\android-4.4W' (Expected 'F:\sdk\build-tools\20.0.0') 
2018-07-20 20:51:56,570 [ thread 22]   INFO -  #git4idea.commands.GitHandler - git status took 133191 ms. Command parameters: 
F:\AS3.1\bin\runnerw.exe "C:\Program Files\Git\cmd\git.exe" -c core.quotepath=false -c log.showSignature=false status --porcelain -z --untracked-files=no -- app/src/main/java/com/shundezao/cashier/UI/Activity/InputMsgActivity.java 
2018-07-20 20:52:23,015 [e-1024-b02]   INFO - stubs.SerializationManagerImpl - START StubSerializationManager SHUTDOWN 
2018-07-20 20:52:23,015 [e-1024-b02]   INFO - stubs.SerializationManagerImpl - END StubSerializationManager SHUTDOWN 
2018-07-20 20:52:23,015 [e-1024-b02]   INFO - il.indexing.FileBasedIndexImpl - START INDEX SHUTDOWN 
2018-07-20 20:52:23,297 [e-1024-b02]   INFO - il.indexing.FileBasedIndexImpl - END INDEX SHUTDOWN 
2018-07-20 20:52:23,297 [e-1024-b02]   INFO - org.jetbrains.io.BuiltInServer - web server stopped 
2018-07-20 20:52:23,328 [e-1024-b02]   INFO - Types.impl.FileTypeManagerImpl - FileTypeManager: 3 auto-detected files
Elapsed time on auto-detect: 133 ms 
2018-07-20 20:52:23,343 [fier64.exe]   INFO - pl.local.NativeFileWatcherImpl - Watcher terminated with exit code 0 
2018-07-20 20:52:23,343 [e-1024-b02]   INFO - newvfs.persistent.PersistentFS - VFS dispose started 
2018-07-20 20:52:23,422 [e-1024-b02]   INFO - newvfs.persistent.PersistentFS - VFS dispose completed 
2018-07-20 20:52:23,422 [ - logging]   INFO -        #com.intellij.idea.Main - ------------------------------------------------------ IDE SHUTDOWN ------------------------------------------------------ 
2018-07-20 20:52:23,422 [wn tracker]   INFO - org.jetbrains.io.BuiltInServer - web server stopped 
